[    0.000000] Linux version 4.15.0-130-generic (buildd@lcy01-amd64-018) (gcc version 7.5.0 (Ubuntu 7.5.0-3ubuntu1~18.04)) #134-Ubuntu SMP Tue Jan 5 20:46:26 UTC 2021 (Ubuntu 4.15.0-130.134-generic 4.15.18)
[    0.000000] Command line: BOOT_IMAGE=/boot/vmlinuz-4.15.0-130-generic root=LABEL=cloudimg-rootfs ro console=tty1 console=ttyS0
[    0.000000] KERNEL supported cpus:
[    0.000000]   Intel GenuineIntel
[    0.000000]   AMD AuthenticAMD
[    0.000000]   Centaur CentaurHauls
[    0.000000] x86/fpu: Supporting XSAVE feature 0x001: 'x87 floating point registers'
[    0.000000] x86/fpu: Supporting XSAVE feature 0x002: 'SSE registers'
[    0.000000] x86/fpu: Supporting XSAVE feature 0x004: 'AVX registers'
[    0.000000] x86/fpu: xstate_offset[2]:  576, xstate_sizes[2]:  256
[    0.000000] x86/fpu: Enabled xstate features 0x7, context size is 832 bytes, using 'standard' format.
[    0.000000] e820: BIOS-provided physical RAM map:
[    0.000000] BIOS-e820: [mem 0x0000000000000000-0x000000000009fbff] usable
[    0.000000] BIOS-e820: [mem 0x000000000009fc00-0x000000000009ffff] reserved
[    0.000000] BIOS-e820: [mem 0x00000000000f0000-0x00000000000fffff] reserved
[    0.000000] BIOS-e820: [mem 0x0000000000100000-0x000000001ffeffff] usable
[    0.000000] BIOS-e820: [mem 0x000000001fff0000-0x000000001fffffff] ACPI data
[    0.000000] BIOS-e820: [mem 0x00000000fec00000-0x00000000fec00fff] reserved
[    0.000000] BIOS-e820: [mem 0x00000000fee00000-0x00000000fee00fff] reserved
[    0.000000] BIOS-e820: [mem 0x00000000fffc0000-0x00000000ffffffff] reserved
[    0.000000] NX (Execute Disable) protection: active
[    0.000000] SMBIOS 2.5 present.
[    0.000000] DMI: innotek GmbH VirtualBox/VirtualBox, BIOS VirtualBox 12/01/2006
[    0.000000] Hypervisor detected: KVM
[    0.000000] e820: last_pfn = 0x1fff0 max_arch_pfn = 0x400000000
[    0.000000] MTRR: Disabled
[    0.000000] x86/PAT: MTRRs disabled, skipping PAT initialization too.
[    0.000000] CPU MTRRs all blank - virtualized system.
[    0.000000] x86/PAT: Configuration [0-7]: WB  WT  UC- UC  WB  WT  UC- UC  
[    0.000000] found SMP MP-table at [mem 0x0009fff0-0x0009ffff]
[    0.000000] Scanning 1 areas for low memory corruption
[    0.000000] RAMDISK: [mem 0x1db3f000-0x1ee04fff]
[    0.000000] ACPI: Early table checksum verification disabled
[    0.000000] ACPI: RSDP 0x00000000000E0000 000024 (v02 VBOX  )
[    0.000000] ACPI: XSDT 0x000000001FFF0030 00003C (v01 VBOX   VBOXXSDT 00000001 ASL  00000061)
[    0.000000] ACPI: FACP 0x000000001FFF00F0 0000F4 (v04 VBOX   VBOXFACP 00000001 ASL  00000061)
[    0.000000] ACPI: DSDT 0x000000001FFF0470 002325 (v02 VBOX   VBOXBIOS 00000002 INTL 20100528)
[    0.000000] ACPI: FACS 0x000000001FFF0200 000040
[    0.000000] ACPI: FACS 0x000000001FFF0200 000040
[    0.000000] ACPI: APIC 0x000000001FFF0240 00005C (v02 VBOX   VBOXAPIC 00000001 ASL  00000061)
[    0.000000] ACPI: SSDT 0x000000001FFF02A0 0001CC (v01 VBOX   VBOXCPUT 00000002 INTL 20100528)
[    0.000000] No NUMA configuration found
[    0.000000] Faking a node at [mem 0x0000000000000000-0x000000001ffeffff]
[    0.000000] NODE_DATA(0) allocated [mem 0x1ffc5000-0x1ffeffff]
[    0.000000] kvm-clock: cpu 0, msr 0:1ff44001, primary cpu clock
[    0.000000] kvm-clock: Using msrs 4b564d01 and 4b564d00
[    0.000000] kvm-clock: using sched offset of 4988820743 cycles
[    0.000000] clocksource: kvm-clock: mask: 0xffffffffffffffff max_cycles: 0x1cd42e4dffb, max_idle_ns: 881590591483 ns
[    0.000000] Zone ranges:
[    0.000000]   DMA      [mem 0x0000000000001000-0x0000000000ffffff]
[    0.000000]   DMA32    [mem 0x0000000001000000-0x000000001ffeffff]
[    0.000000]   Normal   empty
[    0.000000]   Device   empty
[    0.000000] Movable zone start for each node
[    0.000000] Early memory node ranges
[    0.000000]   node   0: [mem 0x0000000000001000-0x000000000009efff]
[    0.000000]   node   0: [mem 0x0000000000100000-0x000000001ffeffff]
[    0.000000] Reserved but unavailable: 98 pages
[    0.000000] Initmem setup node 0 [mem 0x0000000000001000-0x000000001ffeffff]
[    0.000000] ACPI: PM-Timer IO Port: 0x4008
[    0.000000] IOAPIC[0]: apic_id 2, version 32, address 0xfec00000, GSI 0-23
[    0.000000] ACPI: INT_SRC_OVR (bus 0 bus_irq 0 global_irq 2 dfl dfl)
[    0.000000] ACPI: INT_SRC_OVR (bus 0 bus_irq 9 global_irq 9 low level)
[    0.000000] Using ACPI (MADT) for SMP configuration information
[    0.000000] smpboot: Allowing 2 CPUs, 0 hotplug CPUs
[    0.000000] PM: Registered nosave memory: [mem 0x00000000-0x00000fff]
[    0.000000] PM: Registered nosave memory: [mem 0x0009f000-0x0009ffff]
[    0.000000] PM: Registered nosave memory: [mem 0x000a0000-0x000effff]
[    0.000000] PM: Registered nosave memory: [mem 0x000f0000-0x000fffff]
[    0.000000] e820: [mem 0x20000000-0xfebfffff] available for PCI devices
[    0.000000] Booting paravirtualized kernel on KVM
[    0.000000] clocksource: refined-jiffies: mask: 0xffffffff max_cycles: 0xffffffff, max_idle_ns: 7645519600211568 ns
[    0.000000] random: get_random_bytes called from start_kernel+0x99/0x500 with crng_init=0
[    0.000000] setup_percpu: NR_CPUS:8192 nr_cpumask_bits:2 nr_cpu_ids:2 nr_node_ids:1
[    0.000000] percpu: Embedded 45 pages/cpu s147456 r8192 d28672 u1048576
[    0.000000] PV qspinlock hash table entries: 256 (order: 0, 4096 bytes)
[    0.000000] Built 1 zonelists, mobility grouping on.  Total pages: 128889
[    0.000000] Policy zone: DMA32
[    0.000000] Kernel command line: BOOT_IMAGE=/boot/vmlinuz-4.15.0-130-generic root=LABEL=cloudimg-rootfs ro console=tty1 console=ttyS0
[    0.000000] Memory: 466924K/523832K available (12300K kernel code, 2482K rwdata, 4276K rodata, 2440K init, 2724K bss, 56908K reserved, 0K cma-reserved)
[    0.000000] SLUB: HWalign=64, Order=0-3, MinObjects=0, CPUs=2, Nodes=1
[    0.000000] Kernel/User page tables isolation: enabled
[    0.000000] ftrace: allocating 39421 entries in 154 pages
[    0.004000] Hierarchical RCU implementation.
[    0.004000] 	RCU restricting CPUs from NR_CPUS=8192 to nr_cpu_ids=2.
[    0.004000] 	Tasks RCU enabled.
[    0.004000] RCU: Adjusting geometry for rcu_fanout_leaf=16, nr_cpu_ids=2
[    0.004000] NR_IRQS: 524544, nr_irqs: 440, preallocated irqs: 16
[    0.004000] Console: colour VGA+ 80x25
[    0.004000] console [tty1] enabled
[    0.004000] console [ttyS0] enabled
[    0.004000] ACPI: Core revision 20170831
[    0.004000] ACPI: 2 ACPI AML tables successfully acquired and loaded
[    0.004000] APIC: Switch to symmetric I/O mode setup
[    0.004000] x2apic enabled
[    0.004000] Switched APIC routing to physical x2apic.
[    0.004000] ..TIMER: vector=0x30 apic1=0 pin1=2 apic2=-1 pin2=-1
[    0.004004] tsc: Detected 3192.760 MHz processor
[    0.004810] Calibrating delay loop (skipped) preset value.. 6385.52 BogoMIPS (lpj=12771040)
[    0.005353] pid_max: default: 32768 minimum: 301
[    0.008026] Security Framework initialized
[    0.008715] Yama: becoming mindful.
[    0.009332] AppArmor: AppArmor initialized
[    0.010069] Dentry cache hash table entries: 65536 (order: 7, 524288 bytes)
[    0.011182] Inode-cache hash table entries: 32768 (order: 6, 262144 bytes)
[    0.012008] Mount-cache hash table entries: 1024 (order: 1, 8192 bytes)
[    0.013043] Mountpoint-cache hash table entries: 1024 (order: 1, 8192 bytes)
[    0.014444] Last level iTLB entries: 4KB 512, 2MB 8, 4MB 8
[    0.015364] Last level dTLB entries: 4KB 512, 2MB 32, 4MB 32, 1GB 0
[    0.016003] Spectre V1 : Mitigation: usercopy/swapgs barriers and __user pointer sanitization
[    0.017380] Spectre V2 : Mitigation: Full generic retpoline
[    0.018255] Spectre V2 : Spectre v2 / SpectreRSB mitigation: Filling RSB on context switch
[    0.020001] Speculative Store Bypass: Vulnerable
[    0.020902] SRBDS: Unknown: Dependent on hypervisor status
[    0.021779] MDS: Mitigation: Clear CPU buffers
[    0.022687] Freeing SMP alternatives memory: 36K
[    0.132520] smpboot: CPU0: Intel(R) Core(TM) i5-3470 CPU @ 3.20GHz (family: 0x6, model: 0x3a, stepping: 0x9)
[    0.134240] Performance Events: unsupported p6 CPU model 58 no PMU driver, software events only.
[    0.135780] Hierarchical SRCU implementation.
[    0.136528] NMI watchdog: Perf event create on CPU 0 failed with -2
[    0.137579] NMI watchdog: Perf NMI watchdog permanently disabled
[    0.138609] smp: Bringing up secondary CPUs ...
[    0.139437] x86: Booting SMP configuration:
[    0.140002] .... node  #0, CPUs:      #1
[    0.004000] kvm-clock: cpu 1, msr 0:1ff44041, secondary cpu clock
[    0.144022] smp: Brought up 1 node, 2 CPUs
[    0.144871] smpboot: Max logical packages: 1
[    0.145653] smpboot: Total of 2 processors activated (12771.04 BogoMIPS)
[    0.148014] devtmpfs: initialized
[    0.148916] x86/mm: Memory block size: 128MB
[    0.149793] evm: security.selinux
[    0.150417] evm: security.SMACK64
[    0.150998] evm: security.SMACK64EXEC
[    0.151626] evm: security.SMACK64TRANSMUTE
[    0.152006] evm: security.SMACK64MMAP
[    0.152620] evm: security.apparmor
[    0.153210] evm: security.ima
[    0.153706] evm: security.capability
[    0.154407] clocksource: jiffies: mask: 0xffffffff max_cycles: 0xffffffff, max_idle_ns: 7645041785100000 ns
[    0.156009] futex hash table entries: 512 (order: 3, 32768 bytes)
[    0.157031] pinctrl core: initialized pinctrl subsystem
[    0.158037] RTC time: 19:32:05, date: 01/10/21
[    0.159093] NET: Registered protocol family 16
[    0.160083] audit: initializing netlink subsys (disabled)
[    0.161111] audit: type=2000 audit(1610307131.456:1): state=initialized audit_enabled=0 res=1
[    0.161430] cpuidle: using governor ladder
[    0.161430] cpuidle: using governor menu
[    0.164073] ACPI: bus type PCI registered
[    0.164766] acpiphp: ACPI Hot Plug PCI Controller Driver version: 0.5
[    0.165900] PCI: Using configuration type 1 for base access
[    0.168844] HugeTLB registered 2.00 MiB page size, pre-allocated 0 pages
[    0.169115] ACPI: Added _OSI(Module Device)
[    0.169115] ACPI: Added _OSI(Processor Device)
[    0.172007] ACPI: Added _OSI(3.0 _SCP Extensions)
[    0.172811] ACPI: Added _OSI(Processor Aggregator Device)
[    0.173828] ACPI: Added _OSI(Linux-Dell-Video)
[    0.174709] ACPI: Added _OSI(Linux-Lenovo-NV-HDMI-Audio)
[    0.175757] ACPI: Added _OSI(Linux-HPI-Hybrid-Graphics)
[    0.176344] ACPI: Executed 1 blocks of module-level executable AML code
[    0.181970] ACPI: Interpreter enabled
[    0.182646] ACPI: (supports S0 S5)
[    0.183246] ACPI: Using IOAPIC for interrupt routing
[    0.184000] PCI: Using host bridge windows from ACPI; if necessary, use "pci=nocrs" and report a bug
[    0.184181] ACPI: Enabled 2 GPEs in block 00 to 07
[    0.195523] ACPI: PCI Root Bridge [PCI0] (domain 0000 [bus 00-ff])
[    0.196000] acpi PNP0A03:00: _OSC: OS supports [ASPM ClockPM Segments MSI]
[    0.196457] acpi PNP0A03:00: _OSC: not requesting OS control; OS requires [ExtendedConfig ASPM ClockPM MSI]
[    0.198096] acpi PNP0A03:00: fail to add MMCONFIG information, can't access extended PCI configuration space under this bridge.
[    0.200435] PCI host bridge to bus 0000:00
[    0.201291] pci_bus 0000:00: root bus resource [io  0x0000-0x0cf7 window]
[    0.202392] pci_bus 0000:00: root bus resource [io  0x0d00-0xffff window]
[    0.204005] pci_bus 0000:00: root bus resource [mem 0x000a0000-0x000bffff window]
[    0.205587] pci_bus 0000:00: root bus resource [mem 0x20000000-0xfdffffff window]
[    0.206854] pci_bus 0000:00: root bus resource [bus 00-ff]
[    0.210136] pci 0000:00:01.1: legacy IDE quirk: reg 0x10: [io  0x01f0-0x01f7]
[    0.211234] pci 0000:00:01.1: legacy IDE quirk: reg 0x14: [io  0x03f6]
[    0.212002] pci 0000:00:01.1: legacy IDE quirk: reg 0x18: [io  0x0170-0x0177]
[    0.213622] pci 0000:00:01.1: legacy IDE quirk: reg 0x1c: [io  0x0376]
[    0.224907] pci 0000:00:07.0: quirk: [io  0x4000-0x403f] claimed by PIIX4 ACPI
[    0.226445] pci 0000:00:07.0: quirk: [io  0x4100-0x410f] claimed by PIIX4 SMB
[    0.235491] ACPI: PCI Interrupt Link [LNKA] (IRQs 5 9 10 *11)
[    0.236289] ACPI: PCI Interrupt Link [LNKB] (IRQs 5 9 *10 11)
[    0.238923] ACPI: PCI Interrupt Link [LNKC] (IRQs 5 *9 10 11)
[    0.240123] ACPI: PCI Interrupt Link [LNKD] (IRQs 5 9 10 *11)
[    0.241377] SCSI subsystem initialized
[    0.242122] pci 0000:00:02.0: vgaarb: setting as boot VGA device
[    0.242122] pci 0000:00:02.0: vgaarb: VGA device added: decodes=io+mem,owns=io+mem,locks=none
[    0.244006] pci 0000:00:02.0: vgaarb: bridge control possible
[    0.244948] vgaarb: loaded
[    0.245454] ACPI: bus type USB registered
[    0.246162] usbcore: registered new interface driver usbfs
[    0.248008] usbcore: registered new interface driver hub
[    0.248899] usbcore: registered new device driver usb
[    0.249780] EDAC MC: Ver: 3.0.0
[    0.249780] PCI: Using ACPI for IRQ routing
[    0.252272] NetLabel: Initializing
[    0.252866] NetLabel:  domain hash size = 128
[    0.253605] NetLabel:  protocols = UNLABELED CIPSOv4 CALIPSO
[    0.254542] NetLabel:  unlabeled traffic allowed by default
[    0.255471] clocksource: Switched to clocksource kvm-clock
[    0.294443] VFS: Disk quotas dquot_6.6.0
[    0.295314] VFS: Dquot-cache hash table entries: 512 (order 0, 4096 bytes)
[    0.300906] AppArmor: AppArmor Filesystem Enabled
[    0.301857] pnp: PnP ACPI init
[    0.304813] pnp: PnP ACPI: found 3 devices
[    0.313770] clocksource: acpi_pm: mask: 0xffffff max_cycles: 0xffffff, max_idle_ns: 2085701024 ns
[    0.315373] NET: Registered protocol family 2
[    0.316225] TCP established hash table entries: 4096 (order: 3, 32768 bytes)
[    0.317530] TCP bind hash table entries: 4096 (order: 4, 65536 bytes)
[    0.319484] TCP: Hash tables configured (established 4096 bind 4096)
[    0.320713] UDP hash table entries: 256 (order: 1, 8192 bytes)
[    0.321723] UDP-Lite hash table entries: 256 (order: 1, 8192 bytes)
[    0.322835] NET: Registered protocol family 1
[    0.323613] pci 0000:00:00.0: Limiting direct PCI/PCI transfers
[    0.324665] pci 0000:00:01.0: Activating ISA DMA hang workarounds
[    0.325703] pci 0000:00:02.0: Video device with shadowed ROM at [mem 0x000c0000-0x000dffff]
[    0.327155] Unpacking initramfs...
[    1.157379] Freeing initrd memory: 19224K
[    1.158443] clocksource: tsc: mask: 0xffffffffffffffff max_cycles: 0x2e0592b2845, max_idle_ns: 440795302322 ns
[    1.160518] platform rtc_cmos: registered platform RTC device (no PNP device found)
[    1.161973] Scanning for low memory corruption every 60 seconds
[    1.163723] Initialise system trusted keyrings
[    1.164577] Key type blacklist registered
[    1.165369] workingset: timestamp_bits=36 max_order=17 bucket_order=0
[    1.172523] zbud: loaded
[    1.174047] squashfs: version 4.0 (2009/01/31) Phillip Lougher
[    1.175664] fuse init (API version 7.26)
[    1.202608] Key type asymmetric registered
[    1.203486] Asymmetric key parser 'x509' registered
[    1.204359] Block layer SCSI generic (bsg) driver version 0.4 loaded (major 246)
[    1.205709] io scheduler noop registered
[    1.206456] io scheduler deadline registered
[    1.207334] io scheduler cfq registered (default)
[    1.208443] ACPI: AC Adapter [AC] (on-line)
[    1.209181] input: Power Button as /devices/LNXSYSTM:00/LNXPWRBN:00/input/input0
[    1.210436] ACPI: Power Button [PWRF]
[    1.211119] input: Sleep Button as /devices/LNXSYSTM:00/LNXSLPBN:00/input/input1
[    1.212673] ACPI: Sleep Button [SLPF]
[    1.213726] Serial: 8250/16550 driver, 32 ports, IRQ sharing enabled
[    1.235493] 00:02: ttyS0 at I/O 0x3f8 (irq = 4, base_baud = 115200) is a 16550A
[    1.241268] Linux agpgart interface v0.103
[    1.243644] loop: module loaded
[    1.244792] scsi host0: ata_piix
[    1.245715] scsi host1: ata_piix
[    1.246316] ata1: PATA max UDMA/33 cmd 0x1f0 ctl 0x3f6 bmdma 0xd000 irq 14
[    1.247428] ata2: PATA max UDMA/33 cmd 0x170 ctl 0x376 bmdma 0xd008 irq 15
[    1.248916] libphy: Fixed MDIO Bus: probed
[    1.249600] tun: Universal TUN/TAP device driver, 1.6
[    1.250526] PPP generic driver version 2.4.2
[    1.251348] ehci_hcd: USB 2.0 'Enhanced' Host Controller (EHCI) Driver
[    1.252501] ehci-pci: EHCI PCI platform driver
[    1.253253] ehci-platform: EHCI generic platform driver
[    1.254161] ohci_hcd: USB 1.1 'Open' Host Controller (OHCI) Driver
[    1.255174] ohci-pci: OHCI PCI platform driver
[    1.256090] ohci-platform: OHCI generic platform driver
[    1.257160] uhci_hcd: USB Universal Host Controller Interface driver
[    1.258245] i8042: PNP: PS/2 Controller [PNP0303:PS2K,PNP0f03:PS2M] at 0x60,0x64 irq 1,12
[    1.260022] serio: i8042 KBD port at 0x60,0x64 irq 1
[    1.260929] serio: i8042 AUX port at 0x60,0x64 irq 12
[    1.261973] mousedev: PS/2 mouse device common for all mice
[    1.263633] rtc_cmos rtc_cmos: rtc core: registered rtc_cmos as rtc0
[    1.264825] input: AT Translated Set 2 keyboard as /devices/platform/i8042/serio0/input/input2
[    1.266224] rtc_cmos rtc_cmos: alarms up to one day, 114 bytes nvram
[    1.267370] i2c /dev entries driver
[    1.268016] device-mapper: uevent: version 1.0.3
[    1.269185] device-mapper: ioctl: 4.37.0-ioctl (2017-09-20) initialised: dm-devel@redhat.com
[    1.270607] ledtrig-cpu: registered to indicate activity on CPUs
[    1.272119] NET: Registered protocol family 10
[    1.276910] Segment Routing with IPv6
[    1.283975] NET: Registered protocol family 17
[    1.287789] Key type dns_resolver registered
[    1.288847] mce: Using 0 MCE banks
[    1.289658] RAS: Correctable Errors collector initialized.
[    1.290734] sched_clock: Marking stable (1288820712, 0)->(1453103265, -164282553)
[    1.292683] registered taskstats version 1
[    1.293501] Loading compiled-in X.509 certificates
[    1.296685] Loaded X.509 cert 'Build time autogenerated kernel key: c1c8ea2cd851660a7b5f89f76ba0bd3ce6817142'
[    1.298459] zswap: loaded using pool lzo/zbud
[    1.302044] Key type big_key registered
[    1.302716] Key type trusted registered
[    1.304715] Key type encrypted registered
[    1.305459] AppArmor: AppArmor sha1 policy hashing enabled
[    1.306674] ima: No TPM chip found, activating TPM-bypass! (rc=-19)
[    1.307929] ima: Allocated hash algorithm: sha1
[    1.308794] evm: HMAC attrs: 0x1
[    1.309714]   Magic number: 5:214:546
[    1.310475] tty ttyS22: hash matches
[    1.311229] mem null: hash matches
[    1.311908] rtc_cmos rtc_cmos: setting system clock to 2021-01-10 19:32:06 UTC (1610307126)
[    1.313420] BIOS EDD facility v0.16 2004-Jun-25, 0 devices found
[    1.314420] EDD information not available.
[    1.438664] Freeing unused kernel image memory: 2440K
[    1.820360] Write protecting the kernel read-only data: 20480k
[    1.821839] Freeing unused kernel image memory: 2008K
[    1.823028] Freeing unused kernel image memory: 1868K
[    1.830410] x86/mm: Checked W+X mappings: passed, no W+X pages found.
[    1.831478] x86/mm: Checking user space page tables
[    1.839553] x86/mm: Checked W+X mappings: passed, no W+X pages found.
Loading, please wait...
starting version 237
[    1.942588] Fusion MPT base driver 3.04.20
[    1.943790] Copyright (c) 1999-2008 LSI Corporation
[    1.953651] e1000: Intel(R) PRO/1000 Network Driver - version 7.3.21-k8-NAPI
[    1.954891] e1000: Copyright (c) 1999-2006 Intel Corporation.
[    1.958261] Fusion MPT SPI Host driver 3.04.20
[    1.977104] AVX version of gcm_enc/dec engaged.
[    1.978288] AES CTR mode by8 optimization enabled
[    2.158824] input: ImExPS/2 Generic Explorer Mouse as /devices/platform/i8042/serio1/input/input4
[    2.382880] e1000 0000:00:03.0 eth0: (PCI:33MHz:32-bit) 02:4d:8f:d1:c7:05
[    2.384039] e1000 0000:00:03.0 eth0: Intel(R) PRO/1000 Network Connection
[    2.385978] mptbase: ioc0: Initiating bringup
[    2.480339] ioc0: LSI53C1030 A0: Capabilities={Initiator}
[    2.723223] scsi host2: ioc0: LSI53C1030 A0, FwRev=00000000h, Ports=1, MaxQ=256, IRQ=20
[    2.894091] scsi 2:0:0:0: Direct-Access     VBOX     HARDDISK         1.0  PQ: 0 ANSI: 5
[    3.039508] scsi target2:0:0: Beginning Domain Validation
[    3.104602] scsi target2:0:0: Domain Validation skipping write tests
[    3.105812] scsi target2:0:0: Ending Domain Validation
[    3.108126] scsi target2:0:0: asynchronous
[    3.109499] scsi 2:0:1:0: Direct-Access     VBOX     HARDDISK         1.0  PQ: 0 ANSI: 5
[    3.344942] scsi target2:0:1: Beginning Domain Validation
[    3.348165] random: fast init done
[    3.349161] scsi target2:0:1: Domain Validation skipping write tests
[    3.350428] scsi target2:0:1: Ending Domain Validation
[    3.351372] scsi target2:0:1: asynchronous
[    3.355925] random: systemd-udevd: uninitialized urandom read (16 bytes read)
[    3.356066] sd 2:0:0:0: Attached scsi generic sg0 type 0
[    3.357850] sd 2:0:0:0: [sda] 20971520 512-byte logical blocks: (10.7 GB/10.0 GiB)
[    3.358691] sd 2:0:1:0: Attached scsi generic sg1 type 0
[    3.359881] sd 2:0:0:0: [sda] Write Protect is off
[    3.361759] random: systemd-udevd: uninitialized urandom read (16 bytes read)
[    3.363160] random: systemd-udevd: uninitialized urandom read (16 bytes read)
[    3.364478] sd 2:0:0:0: [sda] Incomplete mode parameter data
[    3.364487] sd 2:0:1:0: [sdb] 20480 512-byte logical blocks: (10.5 MB/10.0 MiB)
[    3.365419] sd 2:0:0:0: [sda] Assuming drive cache: write through
[    3.367727] sd 2:0:1:0: [sdb] Write Protect is off
[    3.368837] sd 2:0:1:0: [sdb] Incomplete mode parameter data
[    3.369798] sd 2:0:1:0: [sdb] Assuming drive cache: write through
[    3.380784] e1000 0000:00:08.0 eth1: (PCI:33MHz:32-bit) 08:00:27:89:a0:7d
[    3.382063] e1000 0000:00:08.0 eth1: Intel(R) PRO/1000 Network Connection
[    3.384320] e1000 0000:00:03.0 enp0s3: renamed from eth0
[    3.496423]  sda: sda1
[    3.497320] e1000 0000:00:08.0 enp0s8: renamed from eth1
[    3.499244] sd 2:0:0:0: [sda] Attached SCSI disk
[    3.514961] sd 2:0:1:0: [sdb] Attached SCSI disk
Begin: Loading essential drivers ... [    5.164044] raid6: sse2x1   gen()  9436 MB/s
[    5.212318] raid6: sse2x1   xor()  6921 MB/s
[    5.260655] raid6: sse2x2   gen() 11492 MB/s
[    5.308482] raid6: sse2x2   xor()  7710 MB/s
[    5.356329] raid6: sse2x4   gen() 14004 MB/s
[    5.404202] raid6: sse2x4   xor()  9604 MB/s
[    5.405222] raid6: using algorithm sse2x4 gen() 14004 MB/s
[    5.406205] raid6: .... xor() 9604 MB/s, rmw enabled
[    5.407043] raid6: using ssse3x2 recovery algorithm
[    5.409358] xor: automatically using best checksumming function   avx       
[    5.411661] async_tx: api initialized (async)
done.
Begin: Running /scripts/init-premount ... done.
Begin: Mounting root file system ... Begin: Running /scripts/local-top ... done.
Begin: Running /scripts/local-premount ... [    5.457298] Btrfs loaded, crc32c=crc32c-intel
Scanning for Btrfs filesystems
done.
Warning: fsck not present, so skipping root file system
[    5.515660] EXT4-fs (sda1): INFO: recovery required on readonly filesystem
[    5.516847] EXT4-fs (sda1): write access will be enabled during recovery
[    5.662555] EXT4-fs (sda1): recovery complete
[    5.663875] EXT4-fs (sda1): mounted filesystem with ordered data mode. Opts: (null)
done.
Begin: Running /scripts/local-bottom ... done.
Begin: Running /scripts/init-bottom ... done.
[    7.193969] ip_tables: (C) 2000-2006 Netfilter Core Team
[    7.273380] random: crng init done
[    7.274319] random: 7 urandom warning(s) missed due to ratelimiting
[    7.350577] systemd[1]: systemd 237 running in system mode. (+PAM +AUDIT +SELINUX +IMA +APPARMOR +SMACK +SYSVINIT +UTMP +LIBCRYPTSETUP +GCRYPT +GNUTLS +ACL +XZ +LZ4 +SECCOMP +BLKID +ELFUTILS +KMOD -IDN2 +IDN -PCRE2 default-hierarchy=hybrid)
[    7.354157] systemd[1]: Detected virtualization oracle.
[    7.355021] systemd[1]: Detected architecture x86-64.

Welcome to [1mUbuntu 18.04.5 LTS[0m!

[    7.379960] systemd[1]: Set hostname to <ubuntu-bionic>.
[   10.510886] systemd[1]: Reached target Swap.
[[0;32m  OK  [0m] Reached target Swap.
[   10.513604] systemd[1]: Created slice User and Session Slice.
[[0;32m  OK  [0m] Created slice User and Session Slice.
[   10.515766] systemd[1]: Created slice System Slice.
[[0;32m  OK  [0m] Created slice System Slice.
[   10.517510] systemd[1]: Listening on Journal Socket (/dev/log).
[[0;32m  OK  [0m] Listening on Journal Socket (/dev/log).
[   10.519475] systemd[1]: Reached target Slices.
[[0;32m  OK  [0m] Reached target Slices.
[   10.520985] systemd[1]: Listening on Journal Socket.
[[0;32m  OK  [0m] Listening on Journal Socket.
         Mounting POSIX Message Queue File System...
         Mounting Huge Pages File System...
         Starting Set the console keyboard layout...
[[0;32m  OK  [0m] Created slice system-serial\x2dgetty.slice.
         Starting Remount Root and Kernel File Systems...
[[0;32m  OK  [0m] Set up automount Arbitrary Executab…rmats File System Automount Point.
[[0;32m  OK  [0m] Listening on Journal Audit Socket.
[[0;32m  OK  [0m] Listening on /dev/initctl Compatibility Named Pipe.
         Starting Uncomplicated firewall...
[[0;32m  OK  [0m] Listening on udev Control Socket.
         Starting Create list of required st…ce nodes for the current kernel...
         Mounting Kernel Debug File System...
[[0;32m  OK  [0m] Listening on LVM2 poll daemon socket.
[[0;32m  OK  [0m] Reached target System Time Synchronized.
[[0;32m  OK  [0m] Listening on Network Service Netlink Socket.
[[0;32m  OK  [0m] Started Forward Password Requests to Wall Directory Watch.
[[0;32m  OK  [0m] Listening on Device-mapper event daemon FIFOs.
[[0;32m  OK  [0m] Listening on udev Kernel Socket.
         Starting udev Coldplug all Devices...
[[0;32m  OK  [0m] Reached target User and Group Name Lookups.
[   10.759921] EXT4-fs (sda1): re-mounted. Opts: (null)
         Starting Load Kernel Modules...
[[0;32m  OK  [0m] Listening on LVM2 metadata daemon socket.
         Starting Monitoring of LVM2 mirrors…ng dmeventd or progress polling...
[[0;32m  OK  [0m] Listening on Syslog Socket.
         Starting Journal Service...
[[0;32m  OK  [0m] Mounted POSIX Message Queue File System.
[[0;32m  OK  [0m] Mounted Huge Pages File System.
[[0;32m  OK  [0m] Started Remount Root and Kernel File Systems.
[[0;32m  OK  [0m] Started Uncomplicated firewall.
[[0;32m  OK  [0m] Started Create list of required sta…vice nodes for the current kernel.
[[0;32m  OK  [0m] Mounted Kernel Debug File System.
         Starting Create Static Device Nodes in /dev...
         Starting Load/Save Random Seed...
[[0;32m  OK  [0m] Started Journal Service.
[[0;32m  OK  [0m] Started udev Coldplug all Devices.
         Starting Flush Journal to Persistent Storage...
[[0;32m  OK  [0m] Started Set the console keyboard layout.
[[0;32m  OK  [0m] Started Load/Save Random Seed.
[   11.336541] systemd-journald[407]: Received request to flush runtime journal from PID 1
[   11.432752] Loading iSCSI transport class v2.0-870.
[   11.443128] iscsi: registered transport (tcp)
[[0;32m  OK  [0m] Started LVM2 metadata daemon.
[   11.684099] iscsi: registered transport (iser)
[[0;32m  OK  [0m] Started Load Kernel Modules.
         Mounting Kernel Configuration File System...
         Starting Apply Kernel Variables...
         Mounting FUSE Control File System...
[[0;32m  OK  [0m] Mounted Kernel Configuration File System.
[[0;32m  OK  [0m] Mounted FUSE Control File System.
[[0;32m  OK  [0m] Started Create Static Device Nodes in /dev.
         Starting udev Kernel Device Manager...
[[0;32m  OK  [0m] Started Monitoring of LVM2 mirrors,…sing dmeventd or progress polling.
[[0;32m  OK  [0m] Reached target Local File Systems (Pre).
[[0;32m  OK  [0m] Reached target Local File Systems.
         Starting Tell Plymouth To Write Out Runtime Data...
         Starting AppArmor initialization...
         Starting ebtables ruleset management...
         Starting Set console font and keymap...
[[0;32m  OK  [0m] Started Tell Plymouth To Write Out Runtime Data.
[[0;32m  OK  [0m] Started Set console font and keymap.
[[0;32m  OK  [0m] Started Flush Journal to Persistent Storage.
         Starting Create Volatile Files and Directories...
[[0;32m  OK  [0m] Started Apply Kernel Variables.
[[0;32m  OK  [0m] Started udev Kernel Device Manager.
[[0;32m  OK  [0m] Started Dispatch Password Requests to Console Directory Watch.
[[0;32m  OK  [0m] Reached target Local Encrypted Volumes.
[[0;32m  OK  [0m] Started Create Volatile Files and Directories.
         Starting Update UTMP about System Boot/Shutdown...
[[0;32m  OK  [0m] Started Update UTMP about System Boot/Shutdown.
[[0;32m  OK  [0m] Started ebtables ruleset management.
[[0;32m  OK  [0m] Found device /dev/ttyS0.
[[0;32m  OK  [0m] Listening on Load/Save RF Kill Switch Status /dev/rfkill Watch.
[[0;32m  OK  [0m] Started AppArmor initialization.
         Starting Initial cloud-init job (pre-networking)...
         Starting Load AppArmor profiles managed internally by snapd...
[[0;32m  OK  [0m] Started Load AppArmor profiles managed internally by snapd.
[   24.083197] cloud-init[550]: Cloud-init v. 20.4-0ubuntu1~18.04.1 running 'init-local' at Sun, 10 Jan 2021 19:32:28 +0000. Up 23.51 seconds.
[[0;32m  OK  [0m] Started Initial cloud-init job (pre-networking).
[[0;32m  OK  [0m] Reached target Network (Pre).
         Starting Network Service...
[[0;32m  OK  [0m] Started Network Service.
         Starting Wait for Network to be Configured...
         Starting Network Name Resolution...
[[0;32m  OK  [0m] Started Network Name Resolution.
[[0;32m  OK  [0m] Reached target Host and Network Name Lookups.
[[0;32m  OK  [0m] Reached target Network.
[[0;32m  OK  [0m] Started Wait for Network to be Configured.
         Starting Initial cloud-init job (metadata service crawler)...
[   26.834389] cloud-init[679]: Cloud-init v. 20.4-0ubuntu1~18.04.1 running 'init' at Sun, 10 Jan 2021 19:32:31 +0000. Up 26.61 seconds.
[   26.836724] cloud-init[679]: ci-info: ++++++++++++++++++++++++++++++++++++++Net device info+++++++++++++++++++++++++++++++++++++++
[   26.838536] cloud-init[679]: ci-info: +--------+-------+----------------------------+---------------+--------+-------------------+
[   26.840178] cloud-init[679]: ci-info: | Device |   Up  |          Address           |      Mask     | Scope  |     Hw-Address    |
[   26.841802] cloud-init[679]: ci-info: +--------+-------+----------------------------+---------------+--------+-------------------+
[   26.843395] cloud-init[679]: ci-info: | enp0s3 |  True |         10.0.2.15          | 255.255.255.0 | global | 02:4d:8f:d1:c7:05 |
[   26.845079] cloud-init[679]: ci-info: | enp0s3 |  True | fe80::4d:8fff:fed1:c705/64 |       .       |  link  | 02:4d:8f:d1:c7:05 |
[   26.847492] cloud-init[679]: ci-info: | enp0s8 | False |             .              |       .       |   .    | 08:00:27:89:a0:7d |
[   26.850083] cloud-init[679]: ci-info: |   lo   |  True |         127.0.0.1          |   255.0.0.0   |  host  |         .         |
[   26.851768] cloud-init[679]: ci-info: |   lo   |  True |          ::1/128           |       .       |  host  |         .         |
[   26.853489] cloud-init[679]: ci-info: +--------+-------+----------------------------+---------------+--------+-------------------+
[   26.855206] cloud-init[679]: ci-info: ++++++++++++++++++++++++++++Route IPv4 info+++++++++++++++++++++++++++++
[   26.856711] cloud-init[679]: ci-info: +-------+-------------+----------+-----------------+-----------+-------+
[   26.858120] cloud-init[679]: ci-info: | Route | Destination | Gateway  |     Genmask     | Interface | Flags |
[   26.859578] cloud-init[679]: ci-info: +-------+-------------+----------+-----------------+-----------+-------+
[   26.861206] cloud-init[679]: ci-info: |   0   |   0.0.0.0   | 10.0.2.2 |     0.0.0.0     |   enp0s3  |   UG  |
[   26.863194] cloud-init[679]: ci-info: |   1   |   10.0.2.0  | 0.0.0.0  |  255.255.255.0  |   enp0s3  |   U   |
[   26.864739] cloud-init[679]: ci-info: |   2   |   10.0.2.2  | 0.0.0.0  | 255.255.255.255 |   enp0s3  |   UH  |
[   26.866154] cloud-init[679]: ci-info: +-------+-------------+----------+-----------------+-----------+-------+
[   26.867706] cloud-init[679]: ci-info: +++++++++++++++++++Route IPv6 info+++++++++++++++++++
[   26.869102] cloud-init[679]: ci-info: +-------+-------------+---------+-----------+-------+
[   26.870497] cloud-init[679]: ci-info: | Route | Destination | Gateway | Interface | Flags |
[   26.871854] cloud-init[679]: ci-info: +-------+-------------+---------+-----------+-------+
[   26.873498] cloud-init[679]: ci-info: |   1   |  fe80::/64  |    ::   |   enp0s3  |   U   |
[   26.874846] cloud-init[679]: ci-info: |   3   |    local    |    ::   |   enp0s3  |   U   |
[   26.876160] cloud-init[679]: ci-info: |   4   |   ff00::/8  |    ::   |   enp0s3  |   U   |
[   26.877377] cloud-init[679]: ci-info: +-------+-------------+---------+-----------+-------+
[[0;32m  OK  [0m] Started Initial cloud-init job (metadata service crawler).
[[0;32m  OK  [0m] Reached target Cloud-config availability.
[[0;32m  OK  [0m] Reached target Network is Online.
[[0;32m  OK  [0m] Reached target Remote File Systems (Pre).
[[0;32m  OK  [0m] Reached target Remote File Systems.
         Starting Availability of block devices...
[[0;32m  OK  [0m] Reached target System Initialization.
[[0;32m  OK  [0m] Started ACPI Events Check.
[[0;32m  OK  [0m] Reached target Paths.
[[0;32m  OK  [0m] Started Daily Cleanup of Temporary Directories.
[[0;32m  OK  [0m] Listening on UUID daemon activation socket.
[[0;32m  OK  [0m] Started Discard unused blocks once a week.
[[0;32m  OK  [0m] Listening on Open-iSCSI iscsid Socket.
[[0;32m  OK  [0m] Started Daily apt download activities.
[[0;32m  OK  [0m] Started Daily apt upgrade and clean activities.
         Starting Socket activation for snappy daemon.
[[0;32m  OK  [0m] Listening on D-Bus System Message Bus Socket.
[[0;32m  OK  [0m] Listening on ACPID Listen Socket.
         Starting LXD - unix socket.
[[0;32m  OK  [0m] Started Message of the Day.
[[0;32m  OK  [0m] Reached target Timers.
[[0;32m  OK  [0m] Started Availability of block devices.
[[0;32m  OK  [0m] Listening on Socket activation for snappy daemon.
[[0;32m  OK  [0m] Listening on LXD - unix socket.
[[0;32m  OK  [0m] Reached target Sockets.
[[0;32m  OK  [0m] Reached target Basic System.
         Starting LSB: automatic crash report generation...
         Starting Permit User Sessions...
[[0;32m  OK  [0m] Started D-Bus System Message Bus.
         Starting Dispatcher daemon for systemd-networkd...
         Starting LSB: Record successful boot for GRUB...
         Starting LXD - container startup/shutdown...
[[0;32m  OK  [0m] Started Regular background program processing daemon.
[[0;32m  OK  [0m] Started FUSE filesystem for LXC.
         Starting Virtualbox guest utils...
         Starting Login Service...
[[0;32m  OK  [0m] Started irqbalance daemon.
         Starting OpenBSD Secure Shell server...
         Starting System Logging Service...
[[0;32m  OK  [0m] Started Deferred execution scheduler.
         Starting Accounts Service...
         Starting Snap Daemon...
[[0;32m  OK  [0m] Started Permit User Sessions.
[[0;32m  OK  [0m] Started Login Service.
[[0;32m  OK  [0m] Started Unattended Upgrades Shutdown.
         Starting Hold until boot process finishes up...
         Starting Terminate Plymouth Boot Screen...
[[0;32m  OK  [0m] Started Hold until boot process finishes up.
         Starting Set console scheme...
[[0;32m  OK  [0m] Started Serial Getty on ttyS0.
[[0;32m  OK  [0m] Started Terminate Plymouth Boot Screen.
[[0;32m  OK  [0m] Started Set console scheme.
[[0;32m  OK  [0m] Created slice system-getty.slice.
[[0;32m  OK  [0m] Started Getty on tty1.
[[0;32m  OK  [0m] Reached target Login Prompts.
[[0;32m  OK  [0m] Started LSB: automatic crash report generation.
[[0;32m  OK  [0m] Started System Logging Service.
         Starting Authorization Manager...
[[0;32m  OK  [0m] Started LSB: Record successful boot for GRUB.
[[0;32m  OK  [0m] Started Virtualbox guest utils.
[[0;32m  OK  [0m] Started Authorization Manager.
[[0;32m  OK  [0m] Started Accounts Service.
[[0;32m  OK  [0m] Started Dispatcher daemon for systemd-networkd.
[[0;32m  OK  [0m] Started OpenBSD Secure Shell server.

Ubuntu 18.04.5 LTS ubuntu-bionic ttyS0

ubuntu-bionic login: [   39.679417] cloud-init[1267]: Cloud-init v. 20.4-0ubuntu1~18.04.1 running 'modules:config' at Sun, 10 Jan 2021 19:32:43 +0000. Up 38.12 seconds.
ci-info: no authorized SSH keys fingerprints found for user ubuntu.
<14>Jan 10 19:32:45 ec2: 
<14>Jan 10 19:32:45 ec2: #############################################################
<14>Jan 10 19:32:45 ec2: -----BEGIN SSH HOST KEY FINGERPRINTS-----
<14>Jan 10 19:32:45 ec2: 1024 SHA256:Xk8r3W7Nas0pVXd/xwnKcu9tqN4fYo5EZbsGpPT66gw root@ubuntu-bionic (DSA)
<14>Jan 10 19:32:45 ec2: 256 SHA256:4ZGrDX2yJ7D5KjYf6c/MLLGL3KcaM9eq7fHovZXOJ4U root@ubuntu-bionic (ECDSA)
<14>Jan 10 19:32:45 ec2: 256 SHA256:WyPbTw4VQzD7LrTkW9yy5v1FywaYmzaxzZiS6BDA8yU root@ubuntu-bionic (ED25519)
<14>Jan 10 19:32:45 ec2: 2048 SHA256:OR7nI8hErq8OKFEqw2K4jgBIHwmkBR26OZnpT5G8yzg root@ubuntu-bionic (RSA)
<14>Jan 10 19:32:45 ec2: -----END SSH HOST KEY FINGERPRINTS-----
<14>Jan 10 19:32:45 ec2: #############################################################
-----BEGIN SSH HOST KEY KEYS-----
ecdsa-sha2-nistp256 AAAAE2VjZHNhLXNoYTItbmlzdHAyNTYAAAAIbmlzdHAyNTYAAABBBHURNNL4pU/0QvPMzf1hfpJkPMkYnUhzpQxHcQwaX/U115OZHLmGAW9w8NUxgEMvelgXt02GcU6/nb3BMxzAnaU= root@ubuntu-bionic
ssh-ed25519 AAAAC3NzaC1lZDI1NTE5AAAAIPnWfQcy0GWH3QoaEvU4ocmLIbgQSLSiDbdHkS+J15w7 root@ubuntu-bionic
ssh-rsa AAAAB3NzaC1yc2EAAAADAQABAAABAQC2I6KASoNrwfTJCCLbrbiAmsWfbvjXqllwqcFVLsaKTTmnrIx/w81S2jbbBOrVlX/uHYQxdMf6M/m81shsiUWpfu7SIOS1MjY9f6qzGuCmWvV4GLN2fdDlm2iqjzcTOOY7ZtZC1m6F2M271iINggXaBphJ9rYkFNU0PsNle3FUTMpqJ8FGAafjx+CILSY0MPiiYftHkSVSvIyG1zHpMIQartl18B5akg/Hn1LAmQkRA/y9M2JBquH+c1oiV2qodSucS/4qc3mMuJkqWjefL3484SeJUVIpwIlkSONrtk/iYFKGp6KqzZEkhAXAGxYMiprBexgEVCXJ9LQOmtf+jPlB root@ubuntu-bionic
-----END SSH HOST KEY KEYS-----
[   40.807156] cloud-init[1316]: Cloud-init v. 20.4-0ubuntu1~18.04.1 running 'modules:final' at Sun, 10 Jan 2021 19:32:45 +0000. Up 40.11 seconds.
[   40.807996] cloud-init[1316]: ci-info: no authorized SSH keys fingerprints found for user ubuntu.
[   40.809149] cloud-init[1316]: Cloud-init v. 20.4-0ubuntu1~18.04.1 finished at Sun, 10 Jan 2021 19:32:45 +0000. Datasource DataSourceNoCloud [seed=/dev/sdb][dsmode=net].  Up 40.79 seconds
